android/app/build/intermediates/manifest_merge_blame_file/release/manifest-merger-blame-release-report.txt
1<?xml version="1.0" encoding="utf-8"?>
2<manifest xmlns:android="http://schemas.android.com/apk/res/android"
3    package="com.crafty_furniture_app"
4    android:versionCode="1"
5    android:versionName="1.0" >
6
7    <uses-sdk
7-->src/main/AndroidManifest.xml:6:5-8:41
8        android:minSdkVersion="21"
8-->src/main/AndroidManifest.xml:7:9-35
9        android:targetSdkVersion="31" />
9-->src/main/AndroidManifest.xml:8:9-38
10
11    <uses-permission android:name="android.permission.INTERNET" />
11-->src/main/AndroidManifest.xml:4:5-67
11-->src/main/AndroidManifest.xml:4:22-64
12    <uses-permission android:name="android.permission.SYSTEM_ALERT_WINDOW" />
12-->src/main/AndroidManifest.xml:5:5-77
12-->src/main/AndroidManifest.xml:5:22-75
13
14    <application
14-->src/main/AndroidManifest.xml:10:5-37:19
15        android:name="com.crafty_furniture_app.MainApplication"
15-->src/main/AndroidManifest.xml:11:7-38
16        android:allowBackup="true"
16-->src/main/AndroidManifest.xml:15:7-33
17        android:appComponentFactory="androidx.core.app.CoreComponentFactory"
17-->[androidx.core:core:1.7.0] AndroidManifest.xml:24:18-86
18        android:icon="@mipmap/ic_launcher"
18-->src/main/AndroidManifest.xml:13:7-41
19        android:label="@string/app_name"
19-->src/main/AndroidManifest.xml:12:7-39
20        android:roundIcon="@mipmap/ic_launcher_round"
20-->src/main/AndroidManifest.xml:14:7-52
21        android:theme="@style/AppTheme" >
21-->src/main/AndroidManifest.xml:16:7-38
22        <activity
22-->src/main/AndroidManifest.xml:17:7-26:18
23            android:name="com.crafty_furniture_app.SplashActivity"
23-->src/main/AndroidManifest.xml:18:5-35
24            android:exported="true"
24-->src/main/AndroidManifest.xml:21:11-34
25            android:label="@string/app_name"
25-->src/main/AndroidManifest.xml:20:5-37
26            android:theme="@style/SplashTheme" >
26-->src/main/AndroidManifest.xml:19:5-39
27            <intent-filter>
27-->src/main/AndroidManifest.xml:22:5-25:21
28                <action android:name="android.intent.action.MAIN" />
28-->src/main/AndroidManifest.xml:23:9-61
28-->src/main/AndroidManifest.xml:23:17-58
29
30                <category android:name="android.intent.category.LAUNCHER" />
30-->src/main/AndroidManifest.xml:24:9-69
30-->src/main/AndroidManifest.xml:24:19-66
31            </intent-filter>
32        </activity>
33        <activity
33-->src/main/AndroidManifest.xml:27:7-35:18
34            android:name="com.crafty_furniture_app.MainActivity"
34-->src/main/AndroidManifest.xml:28:9-37
35            android:configChanges="keyboard|keyboardHidden|orientation|screenLayout|screenSize|smallestScreenSize|uiMode"
35-->src/main/AndroidManifest.xml:30:9-118
36            android:exported="true"
36-->src/main/AndroidManifest.xml:33:9-32
37            android:label="@string/app_name"
37-->src/main/AndroidManifest.xml:29:9-41
38            android:launchMode="singleTask"
38-->src/main/AndroidManifest.xml:31:9-40
39            android:windowSoftInputMode="adjustResize" >
39-->src/main/AndroidManifest.xml:32:9-51
40        </activity>
41        <activity android:name="com.facebook.react.devsupport.DevSettingsActivity" />
41-->src/main/AndroidManifest.xml:36:8-85
41-->src/main/AndroidManifest.xml:36:18-82
42        <activity android:name="androidx.core.splashscreen.test.SplashScreenAppCompatTestActivity" />
42-->[androidx.core:core-splashscreen:1.0.0-alpha01] AndroidManifest.xml:25:9-102
42-->[androidx.core:core-splashscreen:1.0.0-alpha01] AndroidManifest.xml:25:19-99
43        <activity
43-->[com.google.android.gms:play-services-auth:19.2.0] AndroidManifest.xml:23:9-27:75
44            android:name="com.google.android.gms.auth.api.signin.internal.SignInHubActivity"
44-->[com.google.android.gms:play-services-auth:19.2.0] AndroidManifest.xml:24:13-93
45            android:excludeFromRecents="true"
45-->[com.google.android.gms:play-services-auth:19.2.0] AndroidManifest.xml:25:13-46
46            android:exported="false"
46-->[com.google.android.gms:play-services-auth:19.2.0] AndroidManifest.xml:26:13-37
47            android:theme="@android:style/Theme.Translucent.NoTitleBar" />
47-->[com.google.android.gms:play-services-auth:19.2.0] AndroidManifest.xml:27:13-72
48        <!--
49            Service handling Google Sign-In user revocation. For apps that do not integrate with
50            Google Sign-In, this service will never be started.
51        -->
52        <service
52-->[com.google.android.gms:play-services-auth:19.2.0] AndroidManifest.xml:33:9-37:51
53            android:name="com.google.android.gms.auth.api.signin.RevocationBoundService"
53-->[com.google.android.gms:play-services-auth:19.2.0] AndroidManifest.xml:34:13-89
54            android:exported="true"
54-->[com.google.android.gms:play-services-auth:19.2.0] AndroidManifest.xml:35:13-36
55            android:permission="com.google.android.gms.auth.api.signin.permission.REVOCATION_NOTIFICATION"
55-->[com.google.android.gms:play-services-auth:19.2.0] AndroidManifest.xml:36:13-107
56            android:visibleToInstantApps="true" />
56-->[com.google.android.gms:play-services-auth:19.2.0] AndroidManifest.xml:37:13-48
57
58        <activity
58-->[com.google.android.gms:play-services-base:17.5.0] AndroidManifest.xml:23:9-26:75
59            android:name="com.google.android.gms.common.api.GoogleApiActivity"
59-->[com.google.android.gms:play-services-base:17.5.0] AndroidManifest.xml:24:13-79
60            android:exported="false"
60-->[com.google.android.gms:play-services-base:17.5.0] AndroidManifest.xml:25:13-37
61            android:theme="@android:style/Theme.Translucent.NoTitleBar" />
61-->[com.google.android.gms:play-services-base:17.5.0] AndroidManifest.xml:26:13-72
62
63        <meta-data
63-->[com.google.android.gms:play-services-basement:17.5.0] AndroidManifest.xml:23:9-25:69
64            android:name="com.google.android.gms.version"
64-->[com.google.android.gms:play-services-basement:17.5.0] AndroidManifest.xml:24:13-58
65            android:value="@integer/google_play_services_version" />
65-->[com.google.android.gms:play-services-basement:17.5.0] AndroidManifest.xml:25:13-66
66
67        <provider
67-->[androidx.emoji2:emoji2:1.0.0] AndroidManifest.xml:26:9-34:20
68            android:name="androidx.startup.InitializationProvider"
68-->[androidx.emoji2:emoji2:1.0.0] AndroidManifest.xml:27:13-67
69            android:authorities="com.crafty_furniture_app.androidx-startup"
69-->[androidx.emoji2:emoji2:1.0.0] AndroidManifest.xml:28:13-68
70            android:exported="false" >
70-->[androidx.emoji2:emoji2:1.0.0] AndroidManifest.xml:29:13-37
71            <meta-data
71-->[androidx.emoji2:emoji2:1.0.0] AndroidManifest.xml:31:13-33:52
72                android:name="androidx.emoji2.text.EmojiCompatInitializer"
72-->[androidx.emoji2:emoji2:1.0.0] AndroidManifest.xml:32:17-75
73                android:value="androidx.startup" />
73-->[androidx.emoji2:emoji2:1.0.0] AndroidManifest.xml:33:17-49
74            <meta-data
74-->[androidx.lifecycle:lifecycle-process:2.4.0] AndroidManifest.xml:31:13-33:52
75                android:name="androidx.lifecycle.ProcessLifecycleInitializer"
75-->[androidx.lifecycle:lifecycle-process:2.4.0] AndroidManifest.xml:32:17-78
76                android:value="androidx.startup" />
76-->[androidx.lifecycle:lifecycle-process:2.4.0] AndroidManifest.xml:33:17-49
77        </provider>
78    </application>
79
80</manifest>